global_results_array.shape (10, 21)
u 0
result_u [0.76138614 0.75961035 0.75951828 0.76999475 0.77502519 0.76566532
 0.76096896 0.76672287 0.77325789 0.75280457]
result_u_avg 0.7644954328238853
CI (0.7570642792367043, 0.7719265864110664)
u 1
result_u [0.76282218 0.76008155 0.77735925 0.77822949 0.78104691 0.76502496
 0.76240611 0.77374994 0.78860365 0.75863755]
result_u_avg 0.770796159263288
CI (0.7597187654229435, 0.7818735531036326)
u 2
result_u [0.7681271  0.76447893 0.78209156 0.78406589 0.78705527 0.77328078
 0.76788942 0.77834732 0.79164176 0.76581589]
result_u_avg 0.7762793917245677
CI (0.7658796917893045, 0.786679091659831)
u 3
result_u [0.77091214 0.76764423 0.78559329 0.78848892 0.79031256 0.77822636
 0.77153511 0.78168929 0.7934174  0.77161254]
result_u_avg 0.7799431829857383
CI (0.7699990299478932, 0.7898873360235834)
u 4
result_u [0.77249501 0.76987201 0.78786705 0.79148379 0.79209126 0.78147672
 0.77385818 0.78381856 0.7944126  0.77600858]
result_u_avg 0.7823383761318192
CI (0.7727253656408474, 0.7919513866227911)
u 5
result_u [0.77356785 0.77138063 0.78948974 0.79334158 0.79292117 0.78361314
 0.77520641 0.78522392 0.79477783 0.77883054]
result_u_avg 0.7838352821572523
CI (0.7744626303734067, 0.7932079339410979)
u 6
result_u [0.77431426 0.77247908 0.79029336 0.7942804  0.79335118 0.78521276
 0.77626918 0.78624975 0.79490166 0.78088325]
result_u_avg 0.7848234872286394
CI (0.7757229817693003, 0.7939239926879784)
u 7
result_u [0.77485406 0.77331205 0.79077799 0.79493237 0.79364292 0.7863465
 0.77709822 0.786993   0.79485218 0.78234373]
result_u_avg 0.7855153004363333
CI (0.7766381382733142, 0.7943924625993525)
u 8
result_u [0.77532156 0.77402246 0.79120836 0.79527793 0.79394277 0.78724768
 0.77772627 0.78752425 0.79472357 0.78342074]
result_u_avg 0.7860415601895024
CI (0.7773620100315731, 0.7947211103474318)
u 9
result_u [0.77572654 0.77463425 0.79147938 0.79560643 0.79412818 0.78795511
 0.77836049 0.78800024 0.79465098 0.78406259]
result_u_avg 0.7864604187458806
CI (0.7779528028418761, 0.7949680346498851)
u 10
result_u [0.77608198 0.77511936 0.79168592 0.79579113 0.79442935 0.78865945
 0.77886318 0.78844634 0.79450981 0.78456605]
result_u_avg 0.786815256997184
CI (0.7784435692168175, 0.7951869447775506)
u 11
result_u [0.77633562 0.77563511 0.79176036 0.79597257 0.79465142 0.78921681
 0.77927154 0.78877061 0.79440406 0.78495157]
result_u_avg 0.7870969679693489
CI (0.77885247938729, 0.7953414565514079)
u 12
result_u [0.77658676 0.77596031 0.79184082 0.79620997 0.79486172 0.78967113
 0.77963557 0.78894468 0.79430032 0.78525242]
result_u_avg 0.7873263701964132
CI (0.7791637044832966, 0.7954890359095297)
u 13
result_u [0.77681689 0.77632981 0.79183794 0.7963904  0.79504006 0.78996458
 0.77997546 0.78917276 0.7942114  0.78562822]
result_u_avg 0.7875367516984568
CI (0.7794779817930423, 0.7955955216038714)
u 14
result_u [0.77689518 0.77659991 0.79191867 0.7965357  0.79511522 0.7902786
 0.78026166 0.78936441 0.79419507 0.78581318]
result_u_avg 0.7876977598339009
CI (0.7796894142324577, 0.795706105435344)
u 15
result_u [0.7771078  0.77681002 0.79195012 0.79664261 0.79528832 0.79053582
 0.78048899 0.78951512 0.79408631 0.78602909]
result_u_avg 0.787845420178708
CI (0.7799028370367928, 0.7957880033206232)
u 16
result_u [0.77718634 0.77699593 0.79195903 0.79679444 0.79537186 0.79079818
 0.78063849 0.78965678 0.79403331 0.78624833]
result_u_avg 0.787968269936698
CI (0.7800538645186001, 0.7958826753547958)
u 17
result_u [0.77727014 0.77715918 0.79194724 0.79688704 0.7954884  0.7910292
 0.78079883 0.78975675 0.79404938 0.78635296]
result_u_avg 0.7880739116468998
CI (0.7801833768743632, 0.7959644464194363)
u 18
result_u [0.77735819 0.77730904 0.79194619 0.79699394 0.79557246 0.79125224
 0.78094858 0.7899052  0.79405591 0.7864709 ]
result_u_avg 0.788181265271771
CI (0.7803126343873954, 0.7960498961561466)
u 19
result_u [0.77741722 0.77745555 0.79192234 0.79704539 0.79563427 0.79143392
 0.78102616 0.78996925 0.79405868 0.78659395]
result_u_avg 0.7882556716952258
CI (0.7804111570707968, 0.7961001863196548)
u 20
result_u [0.77749926 0.77761596 0.79180465 0.79720223 0.79569791 0.79167213
 0.78111261 0.79011745 0.79408405 0.78664664]
result_u_avg 0.7883452898912493
CI (0.7805124816517096, 0.796178098130789)
local_results_array.shape (10, 21, 3)
org:  0
result_u_avg 0.7789253521539946
CI (0.7551270410889295, 0.8027236632190597)
result_u_avg 0.7718208626842591
CI (0.7496805788403308, 0.7939611465281874)
result_u_avg 0.7762595166309605
CI (0.7537566744955485, 0.7987623587663725)
result_u_avg 0.7794437147707243
CI (0.7567575504264838, 0.8021298791149647)
result_u_avg 0.7814146226603358
CI (0.758641552375678, 0.8041876929449936)
result_u_avg 0.7827076693452767
CI (0.7600677907447697, 0.8053475479457837)
result_u_avg 0.7835578412800228
CI (0.7610422130516233, 0.8060734695084223)
result_u_avg 0.7841517405536054
CI (0.7618136158056605, 0.8064898653015502)
result_u_avg 0.7845821982058934
CI (0.7624141393672291, 0.8067502570445576)
result_u_avg 0.7849364093288613
CI (0.7629318899640238, 0.8069409286936988)
result_u_avg 0.7852551391356677
CI (0.7634299906613004, 0.807080287610035)
result_u_avg 0.7854862282756983
CI (0.7637611926626703, 0.8072112638887262)
result_u_avg 0.785671273151573
CI (0.7640778391926166, 0.8072647071105294)
result_u_avg 0.7858071032269004
CI (0.7642507279556217, 0.8073634784981791)
result_u_avg 0.7859209895738827
CI (0.7644175474923575, 0.8074244316554079)
result_u_avg 0.7860236369683541
CI (0.7645599815895271, 0.8074872923471811)
result_u_avg 0.7860840263159952
CI (0.7646599435205629, 0.8075081091114275)
result_u_avg 0.7861593757181963
CI (0.764727480049069, 0.8075912713873236)
result_u_avg 0.7862225035651338
CI (0.7648620297735996, 0.807582977356668)
result_u_avg 0.7862576892392203
CI (0.7648963369638787, 0.807619041514562)
result_u_avg 0.7863205779046692
CI (0.7649551329646952, 0.8076860228446433)
org:  1
result_u_avg 0.7726554680001396
CI (0.7506221835296454, 0.7946887524706339)
result_u_avg 0.7735996309628572
CI (0.7551107066234096, 0.7920885553023048)
result_u_avg 0.7784409950605085
CI (0.7602277075572833, 0.7966542825637336)
result_u_avg 0.7819394741608818
CI (0.7639201054058663, 0.7999588429158974)
result_u_avg 0.7844349415197968
CI (0.7663650052633088, 0.8025048777762848)
result_u_avg 0.7858220957642349
CI (0.7676651306757221, 0.8039790608527477)
result_u_avg 0.7867546336118868
CI (0.7685751441539217, 0.8049341230698519)
result_u_avg 0.787471238858425
CI (0.7692582001497703, 0.8056842775670796)
result_u_avg 0.7880626283011537
CI (0.7697522667994924, 0.806372989802815)
result_u_avg 0.7884967598634547
CI (0.7700342478520552, 0.8069592718748542)
result_u_avg 0.7888612912944318
CI (0.7702676150006843, 0.8074549675881794)
result_u_avg 0.7891541246648206
CI (0.7704463360677145, 0.8078619132619267)
result_u_avg 0.7894325692415165
CI (0.7706049550639387, 0.8082601834190943)
result_u_avg 0.7896605361805644
CI (0.7707479431952925, 0.8085731291658363)
result_u_avg 0.7898643685787314
CI (0.7708156859258934, 0.8089130512315694)
result_u_avg 0.7899512907327497
CI (0.770817082287725, 0.8090854991777744)
result_u_avg 0.7901191610056031
CI (0.770953162313135, 0.8092851596980711)
result_u_avg 0.7901862662234256
CI (0.7709394171595773, 0.8094331152872739)
result_u_avg 0.7902770159886466
CI (0.7710282036716358, 0.8095258283056574)
result_u_avg 0.7903538085220083
CI (0.7711120708877005, 0.8095955461563161)
result_u_avg 0.7904332123933571
CI (0.771158875107026, 0.8097075496796882)
org:  2
result_u_avg 0.7478354004210899
CI (0.7170295705923062, 0.7786412302498735)
result_u_avg 0.768142174187488
CI (0.7403124513548514, 0.7959718970201246)
result_u_avg 0.7760506791902267
CI (0.7461080373518874, 0.8059933210285661)
result_u_avg 0.7805428952556002
CI (0.7495295503904086, 0.8115562401207917)
result_u_avg 0.7834630676831961
CI (0.7518857586356056, 0.8150403767307866)
result_u_avg 0.785302075301868
CI (0.7534344271255193, 0.8171697234782167)
result_u_avg 0.7863793645253281
CI (0.7545359833669282, 0.818222745683728)
result_u_avg 0.7871599679823963
CI (0.7555623181963989, 0.8187576177683937)
result_u_avg 0.787843083704084
CI (0.7563834139064373, 0.8193027535017307)
result_u_avg 0.7882854904719535
CI (0.7570237235484958, 0.8195472573954112)
result_u_avg 0.7886843941039698
CI (0.7576654192925717, 0.819703368915368)
result_u_avg 0.7890376985460992
CI (0.7582348024825926, 0.8198405946096058)
result_u_avg 0.7893180727726213
CI (0.7587327684481389, 0.8199033770971038)
result_u_avg 0.789572808375867
CI (0.7591253269458279, 0.820020289805906)
result_u_avg 0.7897438940244468
CI (0.7595338950638559, 0.8199538929850376)
result_u_avg 0.7899855762347624
CI (0.7599551876786349, 0.8200159647908899)
result_u_avg 0.790159505608229
CI (0.7602476324772742, 0.8200713787391838)
result_u_avg 0.7903207134421927
CI (0.7605125755051209, 0.8201288513792645)
result_u_avg 0.7905165758077223
CI (0.7608245669398987, 0.8202085846755458)
result_u_avg 0.7906844880191881
CI (0.761000739715453, 0.8203682363229232)
result_u_avg 0.790793382134807
CI (0.7612020554869987, 0.8203847087826153)
#################################################################################################################
# Job details recorded by SLURM job epilog using sacct.                                                         #
#################################################################################################################
Resources consumed by job 3852120 for user umcg-hmo running on compute node gs-vcompute06:
================================================================================================================
JobID          Elapsed   AllocCPUS  AveCPU  ReqMem  MaxVMSize  MaxRSS  MaxDiskRead  MaxDiskWrite  
3852120.batch  00:00:12  1                                                                        
#################################################################################################################
